[2024-06-02T00:00:07.423+05:30] [c.i.c.CsfleApplication] [main] [50] [INFO ] Starting CsfleApplication using Java 17.0.10 with PID 15668 (C:\Users\ishan\OneDrive\Documents\LearnSpace\csfle-demo\csfle-server-app\target\classes started by ishan in C:\Users\ishan\OneDrive\Documents\LearnSpace\csfle-demo\csfle-server-app)
[2024-06-02T00:00:07.440+05:30] [c.i.c.CsfleApplication] [main] [51] [DEBUG] Running with Spring Boot v3.3.0, Spring v6.1.8
[2024-06-02T00:00:07.443+05:30] [c.i.c.CsfleApplication] [main] [654] [INFO ] No active profile set, falling back to 1 default profile: "default"
[2024-06-02T00:02:55.995+05:30] [c.i.c.CsfleApplication] [main] [50] [INFO ] Starting CsfleApplication using Java 17.0.10 with PID 15184 (C:\Users\ishan\OneDrive\Documents\LearnSpace\csfle-demo\csfle-server-app\target\classes started by ishan in C:\Users\ishan\OneDrive\Documents\LearnSpace\csfle-demo\csfle-server-app)
[2024-06-02T00:02:56.006+05:30] [c.i.c.CsfleApplication] [main] [51] [DEBUG] Running with Spring Boot v3.3.0, Spring v6.1.8
[2024-06-02T00:02:56.009+05:30] [c.i.c.CsfleApplication] [main] [654] [INFO ] No active profile set, falling back to 1 default profile: "default"
[2024-06-02T00:03:30.826+05:30] [c.i.c.CsfleApplication] [main] [50] [INFO ] Starting CsfleApplication using Java 17.0.10 with PID 8240 (C:\Users\ishan\OneDrive\Documents\LearnSpace\csfle-demo\csfle-server-app\target\classes started by ishan in C:\Users\ishan\OneDrive\Documents\LearnSpace\csfle-demo\csfle-server-app)
[2024-06-02T00:03:30.829+05:30] [c.i.c.CsfleApplication] [main] [51] [DEBUG] Running with Spring Boot v3.3.0, Spring v6.1.8
[2024-06-02T00:03:30.830+05:30] [c.i.c.CsfleApplication] [main] [654] [INFO ] No active profile set, falling back to 1 default profile: "default"
[2024-06-02T00:05:44.910+05:30] [c.i.c.CsfleApplication] [main] [50] [INFO ] Starting CsfleApplication using Java 17.0.10 with PID 10700 (C:\Users\ishan\OneDrive\Documents\LearnSpace\csfle-demo\csfle-server-app\target\classes started by ishan in C:\Users\ishan\OneDrive\Documents\LearnSpace\csfle-demo\csfle-server-app)
[2024-06-02T00:05:44.913+05:30] [c.i.c.CsfleApplication] [main] [51] [DEBUG] Running with Spring Boot v3.3.0, Spring v6.1.8
[2024-06-02T00:05:44.915+05:30] [c.i.c.CsfleApplication] [main] [654] [INFO ] No active profile set, falling back to 1 default profile: "default"
[2024-06-02T00:31:10.824+05:30] [c.i.c.CsfleApplication] [main] [50] [INFO ] Starting CsfleApplication using Java 17.0.10 with PID 21028 (C:\Users\ishan\OneDrive\Documents\LearnSpace\csfle-demo\csfle-server-app\target\classes started by ishan in C:\Users\ishan\OneDrive\Documents\LearnSpace\csfle-demo\csfle-server-app)
[2024-06-02T00:31:10.828+05:30] [c.i.c.CsfleApplication] [main] [51] [DEBUG] Running with Spring Boot v3.3.0, Spring v6.1.8
[2024-06-02T00:31:10.830+05:30] [c.i.c.CsfleApplication] [main] [654] [INFO ] No active profile set, falling back to 1 default profile: "default"
[2024-06-02T00:32:37.251+05:30] [c.i.c.CsfleApplication] [main] [50] [INFO ] Starting CsfleApplication using Java 17.0.10 with PID 19736 (C:\Users\ishan\OneDrive\Documents\LearnSpace\csfle-demo\csfle-server-app\target\classes started by ishan in C:\Users\ishan\OneDrive\Documents\LearnSpace\csfle-demo\csfle-server-app)
[2024-06-02T00:32:37.254+05:30] [c.i.c.CsfleApplication] [main] [51] [DEBUG] Running with Spring Boot v3.3.0, Spring v6.1.8
[2024-06-02T00:32:37.255+05:30] [c.i.c.CsfleApplication] [main] [654] [INFO ] No active profile set, falling back to 1 default profile: "default"
[2024-06-02T00:34:18.323+05:30] [c.i.c.CsfleApplication] [main] [50] [INFO ] Starting CsfleApplication using Java 17.0.10 with PID 21700 (C:\Users\ishan\OneDrive\Documents\LearnSpace\csfle-demo\csfle-server-app\target\classes started by ishan in C:\Users\ishan\OneDrive\Documents\LearnSpace\csfle-demo\csfle-server-app)
[2024-06-02T00:34:18.327+05:30] [c.i.c.CsfleApplication] [main] [51] [DEBUG] Running with Spring Boot v3.3.0, Spring v6.1.8
[2024-06-02T00:34:18.329+05:30] [c.i.c.CsfleApplication] [main] [654] [INFO ] No active profile set, falling back to 1 default profile: "default"
[2024-06-02T00:34:59.391+05:30] [c.i.c.CsfleApplication] [main] [50] [INFO ] Starting CsfleApplication using Java 17.0.10 with PID 16560 (C:\Users\ishan\OneDrive\Documents\LearnSpace\csfle-demo\csfle-server-app\target\classes started by ishan in C:\Users\ishan\OneDrive\Documents\LearnSpace\csfle-demo\csfle-server-app)
[2024-06-02T00:34:59.398+05:30] [c.i.c.CsfleApplication] [main] [51] [DEBUG] Running with Spring Boot v3.3.0, Spring v6.1.8
[2024-06-02T00:34:59.400+05:30] [c.i.c.CsfleApplication] [main] [654] [INFO ] No active profile set, falling back to 1 default profile: "default"
[2024-06-02T00:36:24.336+05:30] [c.i.c.CsfleApplication] [main] [50] [INFO ] Starting CsfleApplication using Java 17.0.10 with PID 17312 (C:\Users\ishan\OneDrive\Documents\LearnSpace\csfle-demo\csfle-server-app\target\classes started by ishan in C:\Users\ishan\OneDrive\Documents\LearnSpace\csfle-demo\csfle-server-app)
[2024-06-02T00:36:24.341+05:30] [c.i.c.CsfleApplication] [main] [51] [DEBUG] Running with Spring Boot v3.3.0, Spring v6.1.8
[2024-06-02T00:36:24.345+05:30] [c.i.c.CsfleApplication] [main] [654] [INFO ] No active profile set, falling back to 1 default profile: "default"
[2024-06-02T00:39:10.535+05:30] [c.i.c.CsfleApplication] [main] [50] [INFO ] Starting CsfleApplication using Java 17.0.10 with PID 10904 (C:\Users\ishan\OneDrive\Documents\LearnSpace\csfle-demo\csfle-server-app\target\classes started by ishan in C:\Users\ishan\OneDrive\Documents\LearnSpace\csfle-demo\csfle-server-app)
[2024-06-02T00:39:10.539+05:30] [c.i.c.CsfleApplication] [main] [51] [DEBUG] Running with Spring Boot v3.3.0, Spring v6.1.8
[2024-06-02T00:39:10.541+05:30] [c.i.c.CsfleApplication] [main] [654] [INFO ] No active profile set, falling back to 1 default profile: "default"
[2024-06-02T00:47:44.297+05:30] [c.i.c.CsfleApplication] [main] [50] [INFO ] Starting CsfleApplication using Java 17.0.10 with PID 13632 (C:\Users\ishan\OneDrive\Documents\LearnSpace\csfle-demo\csfle-server-app\target\classes started by ishan in C:\Users\ishan\OneDrive\Documents\LearnSpace\csfle-demo\csfle-server-app)
[2024-06-02T00:47:44.300+05:30] [c.i.c.CsfleApplication] [main] [51] [DEBUG] Running with Spring Boot v3.3.0, Spring v6.1.8
[2024-06-02T00:47:44.302+05:30] [c.i.c.CsfleApplication] [main] [654] [INFO ] No active profile set, falling back to 1 default profile: "default"
[2024-06-02T00:55:16.811+05:30] [c.i.c.CsfleApplication] [main] [50] [INFO ] Starting CsfleApplication using Java 17.0.10 with PID 18552 (C:\Users\ishan\OneDrive\Documents\LearnSpace\csfle-demo\csfle-server-app\target\classes started by ishan in C:\Users\ishan\OneDrive\Documents\LearnSpace\csfle-demo\csfle-server-app)
[2024-06-02T00:55:16.815+05:30] [c.i.c.CsfleApplication] [main] [51] [DEBUG] Running with Spring Boot v3.3.0, Spring v6.1.8
[2024-06-02T00:55:16.817+05:30] [c.i.c.CsfleApplication] [main] [654] [INFO ] No active profile set, falling back to 1 default profile: "default"
[2024-06-02T00:55:20.565+05:30] [c.i.c.CsfleApplication] [main] [56] [INFO ] Started CsfleApplication in 4.536 seconds (process running for 5.584)
[2024-06-02T00:55:59.509+05:30] [c.i.c.e.GlobalExceptionHandler] [http-nio-8080-exec-3] [16] [ERROR] Unexpected error occurred: No static resource api/test/v1/getAgetAllUsersllKeys.
[2024-06-02T00:58:34.977+05:30] [c.i.c.CsfleApplication] [main] [50] [INFO ] Starting CsfleApplication using Java 17.0.10 with PID 13392 (C:\Users\ishan\OneDrive\Documents\LearnSpace\csfle-demo\csfle-server-app\target\classes started by ishan in C:\Users\ishan\OneDrive\Documents\LearnSpace\csfle-demo\csfle-server-app)
[2024-06-02T00:58:34.981+05:30] [c.i.c.CsfleApplication] [main] [51] [DEBUG] Running with Spring Boot v3.3.0, Spring v6.1.8
[2024-06-02T00:58:34.983+05:30] [c.i.c.CsfleApplication] [main] [654] [INFO ] No active profile set, falling back to 1 default profile: "default"
[2024-06-02T00:59:19.682+05:30] [c.i.c.CsfleApplication] [main] [50] [INFO ] Starting CsfleApplication using Java 17.0.10 with PID 20512 (C:\Users\ishan\OneDrive\Documents\LearnSpace\csfle-demo\csfle-server-app\target\classes started by ishan in C:\Users\ishan\OneDrive\Documents\LearnSpace\csfle-demo\csfle-server-app)
[2024-06-02T00:59:19.687+05:30] [c.i.c.CsfleApplication] [main] [51] [DEBUG] Running with Spring Boot v3.3.0, Spring v6.1.8
[2024-06-02T00:59:19.689+05:30] [c.i.c.CsfleApplication] [main] [654] [INFO ] No active profile set, falling back to 1 default profile: "default"
[2024-06-02T00:59:23.319+05:30] [c.i.c.CsfleApplication] [main] [56] [INFO ] Started CsfleApplication in 4.308 seconds (process running for 5.155)
[2024-06-02T01:02:19.622+05:30] [c.i.c.CsfleApplication] [main] [50] [INFO ] Starting CsfleApplication using Java 17.0.10 with PID 20788 (C:\Users\ishan\OneDrive\Documents\LearnSpace\csfle-demo\csfle-server-app\target\classes started by ishan in C:\Users\ishan\OneDrive\Documents\LearnSpace\csfle-demo\csfle-server-app)
[2024-06-02T01:02:19.627+05:30] [c.i.c.CsfleApplication] [main] [51] [DEBUG] Running with Spring Boot v3.3.0, Spring v6.1.8
[2024-06-02T01:02:19.629+05:30] [c.i.c.CsfleApplication] [main] [654] [INFO ] No active profile set, falling back to 1 default profile: "default"
[2024-06-02T01:02:23.578+05:30] [c.i.c.CsfleApplication] [main] [56] [INFO ] Started CsfleApplication in 4.654 seconds (process running for 5.55)
[2024-06-02T13:36:32.269+05:30] [c.i.c.CsfleApplication] [main] [50] [INFO ] Starting CsfleApplication using Java 17.0.10 with PID 16956 (C:\Users\ishan\OneDrive\Documents\LearnSpace\csfle-demo\csfle-server-app\target\classes started by ishan in C:\Users\ishan\OneDrive\Documents\LearnSpace\csfle-demo\csfle-server-app)
[2024-06-02T13:36:32.275+05:30] [c.i.c.CsfleApplication] [main] [51] [DEBUG] Running with Spring Boot v3.3.0, Spring v6.1.8
[2024-06-02T13:36:32.277+05:30] [c.i.c.CsfleApplication] [main] [654] [INFO ] No active profile set, falling back to 1 default profile: "default"
[2024-06-02T13:36:37.081+05:30] [c.i.c.CsfleApplication] [main] [56] [INFO ] Started CsfleApplication in 5.54 seconds (process running for 6.504)
[2024-06-02T13:36:49.760+05:30] [c.i.c.c.TestController] [http-nio-8080-exec-2] [42] [INFO ] Api http://localhost:8080/api/test/v1/getAllKeys success
[2024-06-02T13:37:26.884+05:30] [c.i.c.CsfleApplication] [main] [50] [INFO ] Starting CsfleApplication using Java 17.0.10 with PID 15280 (C:\Users\ishan\OneDrive\Documents\LearnSpace\csfle-demo\csfle-server-app\target\classes started by ishan in C:\Users\ishan\OneDrive\Documents\LearnSpace\csfle-demo\csfle-server-app)
[2024-06-02T13:37:26.886+05:30] [c.i.c.CsfleApplication] [main] [51] [DEBUG] Running with Spring Boot v3.3.0, Spring v6.1.8
[2024-06-02T13:37:26.887+05:30] [c.i.c.CsfleApplication] [main] [654] [INFO ] No active profile set, falling back to 1 default profile: "default"
[2024-06-02T13:37:30.349+05:30] [c.i.c.CsfleApplication] [main] [56] [INFO ] Started CsfleApplication in 4.033 seconds (process running for 5.153)
[2024-06-02T13:37:49.082+05:30] [c.i.c.c.TestController] [http-nio-8080-exec-7] [42] [INFO ] Api http://localhost:8080/api/test/v1/getAllKeys success
[2024-06-02T13:37:54.297+05:30] [c.i.c.c.TestController] [http-nio-8080-exec-4] [63] [INFO ] Api /api/test/v1/getAllUsers success
[2024-06-02T13:40:15.540+05:30] [c.i.c.c.TestController] [http-nio-8080-exec-2] [63] [INFO ] Api /api/test/v1/getAllUsers success
[2024-06-02T13:40:16.296+05:30] [c.i.c.c.TestController] [http-nio-8080-exec-6] [63] [INFO ] Api /api/test/v1/getAllUsers success
[2024-06-02T13:40:16.906+05:30] [c.i.c.c.TestController] [http-nio-8080-exec-8] [63] [INFO ] Api /api/test/v1/getAllUsers success
[2024-06-02T13:40:17.257+05:30] [c.i.c.c.TestController] [http-nio-8080-exec-9] [63] [INFO ] Api /api/test/v1/getAllUsers success
[2024-06-02T13:40:18.249+05:30] [c.i.c.c.TestController] [http-nio-8080-exec-10] [63] [INFO ] Api /api/test/v1/getAllUsers success
[2024-06-02T13:40:19.013+05:30] [c.i.c.c.TestController] [http-nio-8080-exec-1] [63] [INFO ] Api /api/test/v1/getAllUsers success
[2024-06-02T13:40:19.463+05:30] [c.i.c.c.TestController] [http-nio-8080-exec-7] [63] [INFO ] Api /api/test/v1/getAllUsers success
[2024-06-02T13:40:19.840+05:30] [c.i.c.c.TestController] [http-nio-8080-exec-4] [63] [INFO ] Api /api/test/v1/getAllUsers success
[2024-06-02T13:40:20.303+05:30] [c.i.c.c.TestController] [http-nio-8080-exec-3] [63] [INFO ] Api /api/test/v1/getAllUsers success
[2024-06-02T13:40:20.786+05:30] [c.i.c.c.TestController] [http-nio-8080-exec-5] [63] [INFO ] Api /api/test/v1/getAllUsers success
[2024-06-02T13:40:21.305+05:30] [c.i.c.c.TestController] [http-nio-8080-exec-2] [63] [INFO ] Api /api/test/v1/getAllUsers success
[2024-06-02T14:30:22.136+05:30] [c.i.c.CsfleApplication] [main] [50] [INFO ] Starting CsfleApplication using Java 17.0.10 with PID 2320 (C:\Users\ishan\OneDrive\Documents\LearnSpace\csfle-demo\csfle-server-app\target\classes started by ishan in C:\Users\ishan\OneDrive\Documents\LearnSpace\csfle-demo\csfle-server-app)
[2024-06-02T14:30:22.139+05:30] [c.i.c.CsfleApplication] [main] [51] [DEBUG] Running with Spring Boot v3.3.0, Spring v6.1.8
[2024-06-02T14:30:22.140+05:30] [c.i.c.CsfleApplication] [main] [654] [INFO ] No active profile set, falling back to 1 default profile: "default"
[2024-06-02T14:30:25.670+05:30] [c.i.c.CsfleApplication] [main] [56] [INFO ] Started CsfleApplication in 4.181 seconds (process running for 4.947)
[2024-06-02T14:31:22.035+05:30] [c.i.c.c.TestController] [http-nio-8080-exec-5] [62] [INFO ] Api /api/test/v1/getAllUsers success
[2024-06-02T14:31:42.739+05:30] [c.i.c.c.TestController] [http-nio-8080-exec-3] [62] [INFO ] Api /api/test/v1/getAllUsers success
[2024-06-02T14:34:44.166+05:30] [c.i.c.e.GlobalExceptionHandler] [http-nio-8080-exec-6] [16] [ERROR] Unexpected error occurred: Request method 'GET' is not supported
[2024-06-02T14:34:55.708+05:30] [c.i.c.c.UserController] [http-nio-8080-exec-9] [38] [INFO ] Register User API Successful '/api/v1/registerUser', Request Id: 2
[2024-06-02T14:35:17.435+05:30] [c.i.c.s.i.UserServiceImpl] [http-nio-8080-exec-8] [50] [ERROR] Error registering User: User of Email: ishantsikdar@gmail.com is already Registered
[2024-06-02T14:35:17.436+05:30] [c.i.c.c.UserController] [http-nio-8080-exec-8] [43] [ERROR] Register User API Failed '/api/v1/registerUser', Request Id: 3, Cause: Error registering User: User of Email: ishantsikdar@gmail.com is already Registered
[2024-06-02T14:38:00.868+05:30] [c.i.c.CsfleApplication] [main] [50] [INFO ] Starting CsfleApplication using Java 17.0.10 with PID 184 (C:\Users\ishan\OneDrive\Documents\LearnSpace\csfle-demo\csfle-server-app\target\classes started by ishan in C:\Users\ishan\OneDrive\Documents\LearnSpace\csfle-demo\csfle-server-app)
[2024-06-02T14:38:00.871+05:30] [c.i.c.CsfleApplication] [main] [51] [DEBUG] Running with Spring Boot v3.3.0, Spring v6.1.8
[2024-06-02T14:38:00.872+05:30] [c.i.c.CsfleApplication] [main] [654] [INFO ] No active profile set, falling back to 1 default profile: "default"
[2024-06-02T14:38:03.489+05:30] [c.i.c.CsfleApplication] [main] [56] [INFO ] Started CsfleApplication in 3.144 seconds (process running for 3.772)
[2024-06-02T14:38:08.506+05:30] [c.i.c.s.i.UserServiceImpl] [http-nio-8080-exec-8] [51] [ERROR] Error registering User: User of Email: ishantsikdar@gmail.com is already Registered
[2024-06-02T14:38:08.507+05:30] [c.i.c.c.UserController] [http-nio-8080-exec-8] [49] [ERROR] Register User API Failed '/api/v1/registerUser', Request Id: 0, Cause: Error registering User: User of Email: ishantsikdar@gmail.com is already Registered
[2024-06-02T14:38:44.042+05:30] [c.i.c.CsfleApplication] [main] [50] [INFO ] Starting CsfleApplication using Java 17.0.10 with PID 4472 (C:\Users\ishan\OneDrive\Documents\LearnSpace\csfle-demo\csfle-server-app\target\classes started by ishan in C:\Users\ishan\OneDrive\Documents\LearnSpace\csfle-demo\csfle-server-app)
[2024-06-02T14:38:44.046+05:30] [c.i.c.CsfleApplication] [main] [51] [DEBUG] Running with Spring Boot v3.3.0, Spring v6.1.8
[2024-06-02T14:38:44.047+05:30] [c.i.c.CsfleApplication] [main] [654] [INFO ] No active profile set, falling back to 1 default profile: "default"
[2024-06-02T14:38:47.118+05:30] [c.i.c.CsfleApplication] [main] [56] [INFO ] Started CsfleApplication in 3.648 seconds (process running for 4.261)
[2024-06-02T14:38:50.780+05:30] [c.i.c.s.i.UserServiceImpl] [http-nio-8080-exec-2] [51] [ERROR] Error registering User: User of Email: ishantsikdar@gmail.com is already Registered
[2024-06-02T14:38:50.784+05:30] [c.i.c.c.UserController] [http-nio-8080-exec-2] [44] [ERROR] Register User API Failed '/api/v1/registerUser', Request Id: 0, Cause: User of Email: ishantsikdar@gmail.com is already Registered
[2024-06-02T14:39:13.144+05:30] [c.i.c.s.i.UserServiceImpl] [http-nio-8080-exec-3] [51] [ERROR] Error registering User: User of Mobile: 9678968234  is already Registered
[2024-06-02T14:39:13.144+05:30] [c.i.c.c.UserController] [http-nio-8080-exec-3] [44] [ERROR] Register User API Failed '/api/v1/registerUser', Request Id: 1, Cause: User of Mobile: 9678968234  is already Registered
[2024-06-02T14:39:22.599+05:30] [c.i.c.c.UserController] [http-nio-8080-exec-5] [39] [INFO ] Register User API Successful '/api/v1/registerUser', Request Id: 2
[2024-06-02T14:40:29.321+05:30] [c.i.c.CsfleApplication] [main] [50] [INFO ] Starting CsfleApplication using Java 17.0.10 with PID 14564 (C:\Users\ishan\OneDrive\Documents\LearnSpace\csfle-demo\csfle-server-app\target\classes started by ishan in C:\Users\ishan\OneDrive\Documents\LearnSpace\csfle-demo\csfle-server-app)
[2024-06-02T14:40:29.333+05:30] [c.i.c.CsfleApplication] [main] [51] [DEBUG] Running with Spring Boot v3.3.0, Spring v6.1.8
[2024-06-02T14:40:29.337+05:30] [c.i.c.CsfleApplication] [main] [654] [INFO ] No active profile set, falling back to 1 default profile: "default"
[2024-06-02T14:40:32.159+05:30] [c.i.c.CsfleApplication] [main] [56] [INFO ] Started CsfleApplication in 3.373 seconds (process running for 3.997)
[2024-06-02T14:40:39.466+05:30] [c.i.c.c.UserController] [http-nio-8080-exec-7] [39] [INFO ] Register User API Successful '/api/v1/registerUser', Request Id: 0
[2024-06-02T14:40:41.582+05:30] [c.i.c.s.i.UserServiceImpl] [http-nio-8080-exec-4] [51] [ERROR] Error registering User: User of Email: ishantsikdar@gmail.com is already Registered
[2024-06-02T14:40:41.583+05:30] [c.i.c.c.UserController] [http-nio-8080-exec-4] [44] [ERROR] Register User API Failed '/api/v1/registerUser', Request Id: 1, Cause: User of Email: ishantsikdar@gmail.com is already Registered
[2024-06-02T14:40:46.466+05:30] [c.i.c.s.i.UserServiceImpl] [http-nio-8080-exec-2] [51] [ERROR] Error registering User: User of Username: ishantsikdar  is already Registered
[2024-06-02T14:40:46.467+05:30] [c.i.c.c.UserController] [http-nio-8080-exec-2] [44] [ERROR] Register User API Failed '/api/v1/registerUser', Request Id: 2, Cause: User of Username: ishantsikdar  is already Registered
[2024-06-02T14:40:50.605+05:30] [c.i.c.s.i.UserServiceImpl] [http-nio-8080-exec-6] [51] [ERROR] Error registering User: User of Username: ishantsikdar  is already Registered
[2024-06-02T14:40:50.606+05:30] [c.i.c.c.UserController] [http-nio-8080-exec-6] [44] [ERROR] Register User API Failed '/api/v1/registerUser', Request Id: 3, Cause: User of Username: ishantsikdar  is already Registered
[2024-06-02T14:40:56.010+05:30] [c.i.c.c.UserController] [http-nio-8080-exec-5] [39] [INFO ] Register User API Successful '/api/v1/registerUser', Request Id: 4
[2024-06-02T14:41:40.459+05:30] [c.i.c.s.i.UserServiceImpl] [http-nio-8080-exec-8] [51] [ERROR] Error registering User: User of Email: ishantsikdar@gmail.com is already Registered
[2024-06-02T14:41:40.459+05:30] [c.i.c.c.UserController] [http-nio-8080-exec-8] [44] [ERROR] Register User API Failed '/api/v1/registerUser', Request Id: 5, Cause: User of Email: ishantsikdar@gmail.com is already Registered
[2024-06-02T14:41:42.284+05:30] [c.i.c.s.i.UserServiceImpl] [http-nio-8080-exec-3] [51] [ERROR] Error registering User: User of Email: ishantsikdar@gmail.com is already Registered
[2024-06-02T14:41:42.284+05:30] [c.i.c.c.UserController] [http-nio-8080-exec-3] [44] [ERROR] Register User API Failed '/api/v1/registerUser', Request Id: 6, Cause: User of Email: ishantsikdar@gmail.com is already Registered
[2024-06-02T14:41:42.981+05:30] [c.i.c.s.i.UserServiceImpl] [http-nio-8080-exec-9] [51] [ERROR] Error registering User: User of Email: ishantsikdar@gmail.com is already Registered
[2024-06-02T14:41:42.981+05:30] [c.i.c.c.UserController] [http-nio-8080-exec-9] [44] [ERROR] Register User API Failed '/api/v1/registerUser', Request Id: 7, Cause: User of Email: ishantsikdar@gmail.com is already Registered
[2024-06-02T14:41:45.789+05:30] [c.i.c.s.i.UserServiceImpl] [http-nio-8080-exec-10] [51] [ERROR] Error registering User: User of Username: ishantsikdar  is already Registered
[2024-06-02T14:41:45.790+05:30] [c.i.c.c.UserController] [http-nio-8080-exec-10] [44] [ERROR] Register User API Failed '/api/v1/registerUser', Request Id: 8, Cause: User of Username: ishantsikdar  is already Registered
[2024-06-02T15:24:58.248+05:30] [c.i.c.CsfleApplication] [main] [50] [INFO ] Starting CsfleApplication using Java 17.0.10 with PID 17876 (C:\Users\ishan\OneDrive\Documents\LearnSpace\csfle-demo\csfle-server-app\target\classes started by ishan in C:\Users\ishan\OneDrive\Documents\LearnSpace\csfle-demo\csfle-server-app)
[2024-06-02T15:24:58.252+05:30] [c.i.c.CsfleApplication] [main] [51] [DEBUG] Running with Spring Boot v3.3.0, Spring v6.1.8
[2024-06-02T15:24:58.254+05:30] [c.i.c.CsfleApplication] [main] [654] [INFO ] No active profile set, falling back to 1 default profile: "default"
[2024-06-02T15:25:01.265+05:30] [c.i.c.CsfleApplication] [main] [56] [INFO ] Started CsfleApplication in 3.509 seconds (process running for 4.284)
[2024-06-02T15:27:05.739+05:30] [c.i.c.s.i.UserServiceImpl] [http-nio-8080-exec-1] [145] [DEBUG] Logged in by username
[2024-06-02T15:27:06.021+05:30] [c.i.c.c.UserController] [http-nio-8080-exec-1] [78] [INFO ] Login User API Successful '/api/v1/loginUser', Request Id: 0
[2024-06-02T15:27:34.311+05:30] [c.i.c.s.i.UserServiceImpl] [http-nio-8080-exec-3] [141] [DEBUG] Logged in by email
[2024-06-02T15:27:34.312+05:30] [c.i.c.s.i.UserServiceImpl] [http-nio-8080-exec-3] [156] [ERROR] Error finding user, cause: No user found by ishantsikdar@gmail.com
[2024-06-02T15:27:34.312+05:30] [c.i.c.c.UserController] [http-nio-8080-exec-3] [83] [ERROR] Login User API Failed '/api/v1/loginUser', Request Id: 1, Cause: No user found by ishantsikdar@gmail.com
[2024-06-02T15:27:50.841+05:30] [c.i.c.s.i.UserServiceImpl] [http-nio-8080-exec-4] [141] [DEBUG] Logged in by email
[2024-06-02T15:27:50.841+05:30] [c.i.c.s.i.UserServiceImpl] [http-nio-8080-exec-4] [156] [ERROR] Error finding user, cause: No user found by ishantsikdar@gmail.com
[2024-06-02T15:27:50.841+05:30] [c.i.c.c.UserController] [http-nio-8080-exec-4] [83] [ERROR] Login User API Failed '/api/v1/loginUser', Request Id: 2, Cause: No user found by ishantsikdar@gmail.com
[2024-06-02T15:28:02.704+05:30] [c.i.c.s.i.UserServiceImpl] [http-nio-8080-exec-5] [137] [DEBUG] Logged in by mobile
[2024-06-02T15:28:02.783+05:30] [c.i.c.c.UserController] [http-nio-8080-exec-5] [78] [INFO ] Login User API Successful '/api/v1/loginUser', Request Id: 3
